{
  "RSpec": {
    "coverage": {
      "/Users/daniele/Git/Projects/oystercard/spec/feature_spec.rb": [
        1,
        null,
        1,
        null,
        null,
        1,
        1,
        null,
        null,
        null,
        null,
        null,
        null,
        null,
        null,
        null,
        null,
        null,
        null,
        null,
        null
      ],
      "/Users/daniele/Git/Projects/oystercard/lib/oystercard.rb": [
        1,
        1,
        null,
        1,
        1,
        null,
        1,
        13,
        13,
        13,
        null,
        null,
        1,
        7,
        6,
        null,
        null,
        1,
        3,
        null,
        null,
        1,
        4,
        3,
        null,
        null,
        1,
        4,
        4,
        4,
        null,
        null,
        1,
        null,
        1,
        4,
        null,
        null
      ],
      "/Users/daniele/Git/Projects/oystercard/spec/oystercard_spec.rb": [
        1,
        null,
        1,
        null,
        13,
        null,
        1,
        1,
        null,
        null,
        1,
        null,
        1,
        4,
        null,
        null,
        1,
        1,
        1,
        2,
        null,
        null,
        null,
        1,
        null,
        1,
        1,
        null,
        null,
        null,
        1,
        null,
        4,
        null,
        1,
        1,
        null,
        null,
        1,
        1,
        1,
        1,
        null,
        null,
        1,
        2,
        null,
        null,
        1,
        1,
        1,
        1,
        null,
        null,
        null,
        1,
        null,
        2,
        5,
        null,
        1,
        1,
        1,
        null,
        null,
        1,
        null,
        null,
        1,
        1,
        null,
        null,
        1,
        1,
        4,
        null,
        null,
        1,
        1,
        1,
        4,
        null,
        null,
        null
      ]
    },
    "timestamp": 1494946515
  }
}
