{
  "RSpec": {
    "coverage": {
      "/Users/geor/Documents/MakersBootcamp/Week2/oystercard/spec/feature_spec.rb": [
        1,
        1,
        1,
        null,
        1,
        null,
        null,
        null,
        1,
        null,
        null,
        null,
        null,
        null,
        null,
        null,
        null,
        null,
        null
      ],
      "/Users/geor/Documents/MakersBootcamp/Week2/oystercard/lib/oystercard.rb": [
        1,
        1,
        null,
        1,
        1,
        null,
        1,
        13,
        13,
        13,
        13,
        null,
        null,
        1,
        10,
        9,
        null,
        null,
        1,
        3,
        null,
        null,
        1,
        6,
        5,
        null,
        null,
        1,
        5,
        5,
        5,
        5,
        null,
        null,
        1,
        null,
        1,
        5,
        null,
        null,
        1,
        5,
        null,
        null,
        1,
        5,
        5,
        null,
        null
      ],
      "/Users/geor/Documents/MakersBootcamp/Week2/oystercard/lib/station.rb": [
        1,
        1,
        1,
        2,
        2,
        null,
        null
      ],
      "/Users/geor/Documents/MakersBootcamp/Week2/oystercard/lib/journey.rb": [
        1,
        1,
        null,
        null,
        null,
        null,
        null,
        1,
        1,
        null,
        1,
        null,
        4,
        null,
        null,
        1,
        null,
        4,
        null,
        null,
        1,
        3,
        null,
        null,
        1,
        null,
        1,
        3,
        null,
        null
      ],
      "/Users/geor/Documents/MakersBootcamp/Week2/oystercard/spec/journey_spec.rb": [
        1,
        null,
        1,
        null,
        8,
        null,
        1,
        1,
        1,
        null,
        null,
        1,
        4,
        null,
        null,
        null,
        1,
        1,
        1,
        null,
        null,
        1,
        4,
        null,
        null,
        null,
        1,
        1,
        1,
        1,
        1,
        null,
        1,
        1,
        1,
        null,
        1,
        1,
        1,
        null,
        null,
        null,
        null
      ],
      "/Users/geor/Documents/MakersBootcamp/Week2/oystercard/spec/oystercard_spec.rb": [
        1,
        null,
        1,
        13,
        null,
        1,
        1,
        null,
        null,
        1,
        1,
        4,
        null,
        null,
        1,
        1,
        2,
        null,
        null,
        null,
        1,
        1,
        1,
        null,
        null,
        null,
        1,
        4,
        null,
        1,
        1,
        2,
        null,
        null,
        1,
        3,
        3,
        null,
        null,
        1,
        1,
        null,
        null,
        1,
        1,
        null,
        null,
        null,
        1,
        2,
        4,
        null,
        1,
        1,
        1,
        null,
        null,
        1,
        1,
        4,
        null,
        null,
        1,
        1,
        1,
        4,
        null,
        null,
        null,
        1,
        2,
        2,
        null,
        1,
        1,
        null,
        null,
        1,
        1,
        1,
        1,
        1,
        null,
        null,
        null
      ],
      "/Users/geor/Documents/MakersBootcamp/Week2/oystercard/spec/station_spec.rb": [
        1,
        null,
        1,
        3,
        null,
        1,
        1,
        1,
        null,
        null,
        null,
        1,
        1,
        1,
        null,
        null,
        null,
        null
      ]
    },
    "timestamp": 1495119154
  }
}
